============================================================================================== 
Warning! Mixing Conda and module environments may lead to corruption of the
user environment. 
We do not recommend users mixing those two environments unless absolutely
necessary. Note that 
SURF does not provide any support for Conda environment.
For more information, please refer to our software policy page:
https://servicedesk.surf.nl/wiki/display/WIKI/Software+policy+Snellius#SoftwarepolicySnellius-UseofAnacondaandMinicondaenvironmentsonSnellius 

Remember that many packages have already been installed on the system and can
be loaded using 
the 'module load <package__name>' command. If you are uncertain if a package is
already available 
on the system, please use 'module avail' or 'module spider' to search for it.
============================================================================================== 
# packages in environment at /home/scur0405/.conda/envs/llama_3_instruct:
#
# Name                    Version                   Build  Channel
_libgcc_mutex             0.1                 conda_forge    conda-forge
_openmp_mutex             4.5                  2_kmp_llvm    conda-forge
accelerate                0.30.0                   pypi_0    pypi
blobfile                  2.1.1                    pypi_0    pypi
bzip2                     1.0.8                h5eee18b_6  
ca-certificates           2024.2.2             hbcca054_0    conda-forge
certifi                   2024.2.2                 pypi_0    pypi
charset-normalizer        3.3.2                    pypi_0    pypi
code-server               4.23.1               hafe34db_0    conda-forge
et-xmlfile                1.1.0                    pypi_0    pypi
fairscale                 0.4.13                   pypi_0    pypi
filelock                  3.14.0                   pypi_0    pypi
fire                      0.6.0                    pypi_0    pypi
fsspec                    2024.3.1                 pypi_0    pypi
huggingface-hub           0.23.0                   pypi_0    pypi
icu                       73.2                 h59595ed_0    conda-forge
idna                      3.7                      pypi_0    pypi
jinja2                    3.1.3                    pypi_0    pypi
ld_impl_linux-64          2.38                 h1181459_1  
libffi                    3.4.4                h6a678d5_1  
libgcc-ng                 13.2.0               h77fa898_6    conda-forge
libstdcxx-ng              13.2.0               hc0a3c3a_6    conda-forge
libuuid                   1.41.5               h5eee18b_0  
libuv                     1.48.0               hd590300_0    conda-forge
libzlib                   1.2.13               hd590300_5    conda-forge
llvm-openmp               18.1.4               ha31de31_0    conda-forge
lxml                      4.9.4                    pypi_0    pypi
markupsafe                2.1.5                    pypi_0    pypi
mpmath                    1.3.0                    pypi_0    pypi
ncurses                   6.4                  h6a678d5_0  
networkx                  3.3                      pypi_0    pypi
nodejs                    18.20.2              h84e79e0_0    conda-forge
numpy                     1.26.4                   pypi_0    pypi
nvidia-cublas-cu12        12.1.3.1                 pypi_0    pypi
nvidia-cuda-cupti-cu12    12.1.105                 pypi_0    pypi
nvidia-cuda-nvrtc-cu12    12.1.105                 pypi_0    pypi
nvidia-cuda-runtime-cu12  12.1.105                 pypi_0    pypi
nvidia-cudnn-cu12         8.9.2.26                 pypi_0    pypi
nvidia-cufft-cu12         11.0.2.54                pypi_0    pypi
nvidia-curand-cu12        10.3.2.106               pypi_0    pypi
nvidia-cusolver-cu12      11.4.5.107               pypi_0    pypi
nvidia-cusparse-cu12      12.1.0.106               pypi_0    pypi
nvidia-nccl-cu12          2.20.5                   pypi_0    pypi
nvidia-nvjitlink-cu12     12.4.127                 pypi_0    pypi
nvidia-nvtx-cu12          12.1.105                 pypi_0    pypi
openpyxl                  3.1.2                    pypi_0    pypi
openssl                   3.3.0                hd590300_0    conda-forge
packaging                 24.0                     pypi_0    pypi
pandas                    2.2.2                    pypi_0    pypi
pip                       24.0                     pypi_0    pypi
psutil                    5.9.8                    pypi_0    pypi
pycryptodomex             3.20.0                   pypi_0    pypi
python                    3.10.14              h955ad1f_0  
python-dateutil           2.9.0.post0              pypi_0    pypi
pytz                      2024.1                   pypi_0    pypi
pyyaml                    6.0.1                    pypi_0    pypi
readline                  8.2                  h5eee18b_0  
regex                     2024.4.28                pypi_0    pypi
requests                  2.31.0                   pypi_0    pypi
safetensors               0.4.3                    pypi_0    pypi
setuptools                68.2.2          py310h06a4308_0  
six                       1.16.0                   pypi_0    pypi
sqlite                    3.45.3               h5eee18b_0  
sympy                     1.12                     pypi_0    pypi
termcolor                 2.4.0                    pypi_0    pypi
tiktoken                  0.4.0                    pypi_0    pypi
tk                        8.6.12               h1ccaba5_0  
tokenizers                0.19.1                   pypi_0    pypi
torch                     2.3.0                    pypi_0    pypi
tqdm                      4.66.4                   pypi_0    pypi
transformers              4.40.0                   pypi_0    pypi
triton                    2.3.0                    pypi_0    pypi
typing-extensions         4.11.0                   pypi_0    pypi
tzdata                    2024.1                   pypi_0    pypi
urllib3                   2.2.1                    pypi_0    pypi
wheel                     0.43.0          py310h06a4308_0  
xz                        5.4.6                h5eee18b_1  
zlib                      1.2.13               hd590300_5    conda-forge
zstd                      1.5.6                ha6fb4c9_0    conda-forge
completed_files: 257
incomplete_files: 0
All evaluation completed!
Yes count: 50
No count: 207
Accuracy: 0.19455252918287938
Average score: 1.0894941634241244

JOB STATISTICS
==============
Job ID: 6306715
Cluster: snellius
User/Group: scur0405/scur0405
State: RUNNING
Nodes: 1
Cores per node: 18
CPU Utilized: 00:00:00
CPU Efficiency: 0.00% of 00:06:54 core-walltime
Job Wall-clock time: 00:00:23
Memory Utilized: 0.00 MB (estimated maximum)
Memory Efficiency: 0.00% of 120.00 GB (120.00 GB/node)
WARNING: Efficiency statistics may be misleading for RUNNING jobs.
